0 info it worked if it ends with ok
1 verbose cli [ '/usr/bin/node',
1 verbose cli   '/usr/bin/npm',
1 verbose cli   'install',
1 verbose cli   'd3js',
1 verbose cli   '--save-dev' ]
2 info using npm@2.0.0
3 info using node@v0.11.14
4 warn package.json react-pie@0.0.1 No description
5 warn package.json react-pie@0.0.1 No repository field.
6 warn package.json react-pie@0.0.1 No README data
7 verbose readDependencies using package.json deps
8 verbose cache add [ 'd3js', null ]
9 verbose cache add spec="d3js" args=["d3js",null]
10 verbose parsed spec { raw: 'd3js',
10 verbose parsed spec   scope: null,
10 verbose parsed spec   name: 'd3js',
10 verbose parsed spec   rawSpec: '',
10 verbose parsed spec   spec: '*',
10 verbose parsed spec   type: 'range' }
11 verbose parsed spec { raw: 'd3js',
11 verbose parsed spec   scope: null,
11 verbose parsed spec   name: 'd3js',
11 verbose parsed spec   rawSpec: '',
11 verbose parsed spec   spec: '*',
11 verbose parsed spec   type: 'range' }
12 verbose addNamed [ 'd3js', '*' ]
13 verbose addNamed [ null, '*' ]
14 silly lockFile 9a5a0bf0-d3js d3js@*
15 verbose lock d3js@* /home/mateus/.npm/9a5a0bf0-d3js.lock
16 silly addNameRange { name: 'd3js', range: '*', hasData: false }
17 verbose mapToRegistry name d3js
18 verbose mapToRegistry uri https://registry.npmjs.org/d3js
19 verbose request on initialization, where is /d3js
20 verbose request after pass 1, where is /d3js
21 verbose request url raw /d3js
22 verbose request resolving registry [ 'https://registry.npmjs.org/', './d3js' ]
23 verbose request after pass 2, where is https://registry.npmjs.org/d3js
24 verbose request no auth needed
25 info attempt registry request try #1 at 19:40:59
26 verbose request id 44b31edfe95c75f4
27 http request GET https://registry.npmjs.org/d3js
28 http 404 https://registry.npmjs.org/d3js
29 verbose headers { date: 'Wed, 22 Oct 2014 21:41:00 GMT',
29 verbose headers   server: 'CouchDB/1.5.0 (Erlang OTP/R16B03)',
29 verbose headers   'content-type': 'application/json',
29 verbose headers   'cache-control': 'max-age=0',
29 verbose headers   'content-length': '52',
29 verbose headers   'accept-ranges': 'bytes',
29 verbose headers   via: '1.1 varnish',
29 verbose headers   age: '0',
29 verbose headers   'x-served-by': 'cache-jfk1021-JFK',
29 verbose headers   'x-cache': 'MISS',
29 verbose headers   'x-cache-hits': '0',
29 verbose headers   'x-timer': 'S1414014060.281594,VS0,VE75',
29 verbose headers   connection: 'close' }
30 silly registry.get cb [ 404,
30 silly registry.get   { date: 'Wed, 22 Oct 2014 21:41:00 GMT',
30 silly registry.get     server: 'CouchDB/1.5.0 (Erlang OTP/R16B03)',
30 silly registry.get     'content-type': 'application/json',
30 silly registry.get     'cache-control': 'max-age=0',
30 silly registry.get     'content-length': '52',
30 silly registry.get     'accept-ranges': 'bytes',
30 silly registry.get     via: '1.1 varnish',
30 silly registry.get     age: '0',
30 silly registry.get     'x-served-by': 'cache-jfk1021-JFK',
30 silly registry.get     'x-cache': 'MISS',
30 silly registry.get     'x-cache-hits': '0',
30 silly registry.get     'x-timer': 'S1414014060.281594,VS0,VE75',
30 silly registry.get     connection: 'close' } ]
31 silly lockFile 9a5a0bf0-d3js d3js@*
32 silly lockFile 9a5a0bf0-d3js d3js@*
33 verbose stack Error: 404 Not Found: d3js
33 verbose stack     at RegClient.<anonymous> (/usr/lib/node_modules/npm/node_modules/npm-registry-client/lib/request.js:259:14)
33 verbose stack     at Request._callback (/usr/lib/node_modules/npm/node_modules/npm-registry-client/lib/request.js:198:65)
33 verbose stack     at Request.self.callback (/usr/lib/node_modules/npm/node_modules/request/request.js:236:22)
33 verbose stack     at Request.emit (events.js:110:17)
33 verbose stack     at Request.<anonymous> (/usr/lib/node_modules/npm/node_modules/request/request.js:1142:14)
33 verbose stack     at Request.emit (events.js:129:20)
33 verbose stack     at IncomingMessage.<anonymous> (/usr/lib/node_modules/npm/node_modules/request/request.js:1096:12)
33 verbose stack     at IncomingMessage.emit (events.js:129:20)
33 verbose stack     at _stream_readable.js:907:16
33 verbose stack     at process._tickCallback (node.js:372:11)
34 verbose statusCode 404
35 verbose pkgid d3js
36 verbose cwd /home/mateus/dev/react-components/react-pie
37 error Linux 3.2.0-70-generic
38 error argv "/usr/bin/node" "/usr/bin/npm" "install" "d3js" "--save-dev"
39 error node v0.11.14
40 error npm  v2.0.0
41 error code E404
42 error 404 Not Found: d3js
42 error 404
42 error 404 'd3js' is not in the npm registry.
42 error 404 You should bug the author to publish it (or use the name yourself!)
42 error 404 It was specified as a dependency of 'react-pie'
42 error 404
42 error 404 Note that you can also install from a
42 error 404 tarball, folder, http url, or git url.
43 verbose exit [ 1, true ]
